Build started 08.02.2018 17:40:43.
     1>Project "C:\GitHub\neuronet_optimisation\neuronet_optimisation.vcxproj" on node 2 (Build target(s)).
     1>ClCompile:
         C:\Program Files (x86)\Microsoft Visual Studio 11.0\VC\bin\CL.exe /c /Zi /nologo /W3 /WX- /O2 /Oi /Oy- /GL /D WIN32 /D NDEBUG /D _CONSOLE /D _UNICODE /D UNICODE /Gm- /EHsc /MD /GS /Gy /fp:precise /Zc:wchar_t /Zc:forScope /Fo"Release\\" /Fd"Release\vc110.pdb" /Gd /TP /analyze- /errorReport:prompt neuronet_optimisation.cpp
         neuronet_optimisation.cpp
     1>c:\github\neuronet_optimisation\neuron.h(25): warning C4056: overflow in floating-point constant arithmetic
     1>c:\github\neuronet_optimisation\neuron.h(26): warning C4056: overflow in floating-point constant arithmetic
     1>neuronet_optimisation.cpp(80): warning C4244: '=' : conversion from 'double' to 'float', possible loss of data
     1>neuronet_optimisation.cpp(111): warning C4305: 'argument' : truncation from 'double' to 'float'
     1>neuronet_optimisation.cpp(112): warning C4305: 'argument' : truncation from 'double' to 'float'
     1>neuronet_optimisation.cpp(121): warning C4305: 'argument' : truncation from 'double' to 'float'
     1>neuronet_optimisation.cpp(127): warning C4305: 'argument' : truncation from 'double' to 'float'
     1>neuronet_optimisation.cpp(128): warning C4305: 'argument' : truncation from 'double' to 'float'
     1>neuronet_optimisation.cpp(88): warning C4101: 'output' : unreferenced local variable
       Link:
         C:\Program Files (x86)\Microsoft Visual Studio 11.0\VC\bin\link.exe /ERRORREPORT:PROMPT /OUT:"C:\GitHub\neuronet_optimisation\Release\neuronet_optimisation.exe" /INCREMENTAL:NO /NOLOGO kernel32.lib user32.lib gdi32.lib winspool.lib comdlg32.lib advapi32.lib shell32.lib ole32.lib oleaut32.lib uuid.lib odbc32.lib odbccp32.lib /MANIFEST /MANIFESTUAC:"level='asInvoker' uiAccess='false'" /manifest:embed /DEBUG /PDB:"C:\GitHub\neuronet_optimisation\Release\neuronet_optimisation.pdb" /SUBSYSTEM:CONSOLE /OPT:REF /OPT:ICF /LTCG /TLBID:1 /DYNAMICBASE /NXCOMPAT /IMPLIB:"C:\GitHub\neuronet_optimisation\Release\neuronet_optimisation.lib" /MACHINE:X86 /SAFESEH Release\io.obj
         Release\neuron.obj
         Release\neuronet_optimisation.obj
         Generating code
         Finished generating code
         neuronet_optimisation.vcxproj -> C:\GitHub\neuronet_optimisation\Release\neuronet_optimisation.exe
     1>Done Building Project "C:\GitHub\neuronet_optimisation\neuronet_optimisation.vcxproj" (Build target(s)).

Build succeeded.

Time Elapsed 00:00:01.87
