E:\NEURALNET\NEURONET_OPTIMISATION\DEBUG\NEURON.OBJ
E:\NEURALNET\NEURONET_OPTIMISATION\DEBUG\NEURONET_OPTIMISATION.OBJ
E:\NEURALNET\NEURONET_OPTIMISATION\DEBUG\VC110.PDB
E:\NEURALNET\NEURONET_OPTIMISATION\DEBUG\IO.OBJ
E:\NeuralNet\neuronet_optimisation\Debug\io.obj
E:\NeuralNet\neuronet_optimisation\Debug\neuron.obj
E:\NeuralNet\neuronet_optimisation\Debug\neuronet_optimisation.obj
E:\NeuralNet\neuronet_optimisation\Debug\cl.command.1.tlog
E:\NeuralNet\neuronet_optimisation\Debug\CL.read.1.tlog
E:\NeuralNet\neuronet_optimisation\Debug\CL.write.1.tlog
E:\NeuralNet\neuronet_optimisation\Debug\link-cvtres.read.1.tlog
E:\NeuralNet\neuronet_optimisation\Debug\link-cvtres.write.1.tlog
E:\NeuralNet\neuronet_optimisation\Debug\link-rc.read.1.tlog
E:\NeuralNet\neuronet_optimisation\Debug\link-rc.write.1.tlog
E:\NeuralNet\neuronet_optimisation\Debug\link.3024-cvtres.read.1.tlog
E:\NeuralNet\neuronet_optimisation\Debug\link.3024-cvtres.write.1.tlog
E:\NeuralNet\neuronet_optimisation\Debug\link.3024-rc.read.1.tlog
E:\NeuralNet\neuronet_optimisation\Debug\link.3024-rc.write.1.tlog
E:\NeuralNet\neuronet_optimisation\Debug\link.3024.read.1.tlog
E:\NeuralNet\neuronet_optimisation\Debug\link.3024.write.1.tlog
E:\NeuralNet\neuronet_optimisation\Debug\link.388-cvtres.read.1.tlog
E:\NeuralNet\neuronet_optimisation\Debug\link.388-cvtres.write.1.tlog
E:\NeuralNet\neuronet_optimisation\Debug\link.388-rc.read.1.tlog
E:\NeuralNet\neuronet_optimisation\Debug\link.388-rc.write.1.tlog
E:\NeuralNet\neuronet_optimisation\Debug\link.388.read.1.tlog
E:\NeuralNet\neuronet_optimisation\Debug\link.388.write.1.tlog
E:\NeuralNet\neuronet_optimisation\Debug\link.6648-cvtres.read.1.tlog
E:\NeuralNet\neuronet_optimisation\Debug\link.6648-cvtres.write.1.tlog
E:\NeuralNet\neuronet_optimisation\Debug\link.6648-rc.read.1.tlog
E:\NeuralNet\neuronet_optimisation\Debug\link.6648-rc.write.1.tlog
E:\NeuralNet\neuronet_optimisation\Debug\link.6648.read.1.tlog
E:\NeuralNet\neuronet_optimisation\Debug\link.6648.write.1.tlog
E:\NeuralNet\neuronet_optimisation\Debug\link.7368-cvtres.read.1.tlog
E:\NeuralNet\neuronet_optimisation\Debug\link.7368-cvtres.write.1.tlog
E:\NeuralNet\neuronet_optimisation\Debug\link.7368-rc.read.1.tlog
E:\NeuralNet\neuronet_optimisation\Debug\link.7368-rc.write.1.tlog
E:\NeuralNet\neuronet_optimisation\Debug\link.7368.read.1.tlog
E:\NeuralNet\neuronet_optimisation\Debug\link.7368.write.1.tlog
E:\NeuralNet\neuronet_optimisation\Debug\link.command.1.tlog
E:\NeuralNet\neuronet_optimisation\Debug\link.read.1.tlog
E:\NeuralNet\neuronet_optimisation\Debug\link.write.1.tlog
E:\NeuralNet\neuronet_optimisation\Debug\vc110.idb
E:\NeuralNet\neuronet_optimisation\Debug\neuronet_optimisation.pdb
E:\NeuralNet\neuronet_optimisation\Debug\vc110.pdb
